<?xml version="1.0" encoding="UTF-8"?>
<!-- Generated by org.testng.reporters.JUnitXMLReporter -->
<testsuite hostname="DESKTOP-QD9JFMA" ignored="0" name="Favorite Item tests" tests="5" failures="0" timestamp="30 дек 2020 07:20:35 GMT" time="89.522" errors="0">
  <testcase name="addToOrder" time="15.158" classname="com.epam.ta.test.ItemTest"/>
  <testcase name="addTwoDifferentItems" time="19.284" classname="com.epam.ta.test.ItemTest"/>
  <testcase name="addTwoSimilarItems" time="17.69" classname="com.epam.ta.test.ItemTest"/>
  <testcase name="changeItemQuantity" time="12.415" classname="com.epam.ta.test.ItemTest"/>
  <testcase name="deleteAddedProduct" time="12.103" classname="com.epam.ta.test.ItemTest"/>
</testsuite> <!-- Favorite Item tests -->
