<?xml version="1.0" encoding="UTF-8"?>
<testng-results skipped="0" failed="0" ignored="0" total="1" passed="1">
  <reporter-output>
  </reporter-output>
  <suite name="Search tests" duration-ms="17180" started-at="2020-12-30T03:43:18Z" finished-at="2020-12-30T03:43:35Z">
    <groups>
    </groups>
    <test name="Search tests" duration-ms="17180" started-at="2020-12-30T03:43:18Z" finished-at="2020-12-30T03:43:35Z">
      <class name="com.epam.ta.test.SearchTest">
        <test-method status="PASS" signature="setUp()[pri:0, instance:com.epam.ta.test.SearchTest@6b143ee9]" name="setUp" is-config="true" duration-ms="3166" started-at="2020-12-30T03:43:18Z" finished-at="2020-12-30T03:43:21Z">
          <reporter-output>
          </reporter-output>
        </test-method> <!-- setUp -->
        <test-method status="PASS" signature="searchByTitleTest()[pri:0, instance:com.epam.ta.test.SearchTest@6b143ee9]" name="searchByTitleTest" duration-ms="13216" started-at="2020-12-30T03:43:21Z" finished-at="2020-12-30T03:43:34Z">
          <reporter-output>
          </reporter-output>
        </test-method> <!-- searchByTitleTest -->
        <test-method status="PASS" signature="stopBrowser()[pri:0, instance:com.epam.ta.test.SearchTest@6b143ee9]" name="stopBrowser" is-config="true" duration-ms="784" started-at="2020-12-30T03:43:34Z" finished-at="2020-12-30T03:43:35Z">
          <reporter-output>
          </reporter-output>
        </test-method> <!-- stopBrowser -->
      </class> <!-- com.epam.ta.test.SearchTest -->
    </test> <!-- Search tests -->
  </suite> <!-- Search tests -->
</testng-results>
