<?xml version="1.0" encoding="UTF-8"?>
<testsuite xmlns:xsi="http://www.w3.org/2001/XMLSchema-instance" xsi:noNamespaceSchemaLocation="https://maven.apache.org/surefire/maven-surefire-plugin/xsd/surefire-test-report.xsd" name="TestSuite" time="164.512" tests="5" errors="0" skipped="0" failures="4">
  <properties>
[...]
</properties>
  <testcase name="addToOrder" classname="com.epam.ta.test.ItemTest" time="6.657"/>
  <testcase name="addTwoDifferentItems" classname="com.epam.ta.test.ItemTest" time="14.454">
    <failure message="Expected condition failed: waiting for presence of element located by: By.xpath: //button[@class=&apos;button button--ghost&apos;] (tried for 10 second(s) with 500 milliseconds interval)" type="org.openqa.selenium.TimeoutException">org.openqa.selenium.TimeoutException: Expected condition failed: waiting for presence of element located by: By.xpath: //button[@class='button button--ghost'] (tried for 10 second(s) with 500 milliseconds interval)
	at com.epam.ta.test.ItemTest.addTwoDifferentItems(ItemTest.java:44)
Caused by: org.openqa.selenium.NoSuchElementException: 
Unable to locate element: //button[@class='button button--ghost']
For documentation on this error, please visit: http://seleniumhq.org/exceptions/no_such_element.html
Build info: version: '3.141.0', revision: '2ecb7d9a', time: '2018-10-31T20:09:30'
System info: host: 'DESKTOP-QD9JFMA', ip: '192.168.56.1', os.name: 'Windows 10', os.arch: 'amd64', os.version: '10.0', java.version: '1.8.0_271'
Driver info: org.openqa.selenium.firefox.FirefoxDriver
Capabilities {acceptInsecureCerts: true, browserName: firefox, browserVersion: 85.0.2, javascriptEnabled: true, moz:accessibilityChecks: false, moz:buildID: 20210208133944, moz:geckodriverVersion: 0.29.0, moz:headless: false, moz:processID: 11884, moz:profile: C:\Users\andru\AppData\Loca..., moz:shutdownTimeout: 60000, moz:useNonSpecCompliantPointerOrigin: false, moz:webdriverClick: true, pageLoadStrategy: normal, platform: WINDOWS, platformName: WINDOWS, platformVersion: 10.0, rotatable: false, setWindowRect: true, strictFileInteractability: false, timeouts: {implicit: 0, pageLoad: 300000, script: 30000}, unhandledPromptBehavior: dismiss and notify}
Session ID: 342105ad-d712-4770-bdbb-58d1301b0a6c
*** Element info: {Using=xpath, value=//button[@class='button button--ghost']}
	at com.epam.ta.test.ItemTest.addTwoDifferentItems(ItemTest.java:44)
</failure>
    <system-err><![CDATA[1614259631156	Marionette	INFO	Stopped listening on port 60078
JavaScript error: resource://gre/modules/PageThumbUtils.jsm, line 38: TypeError: aWindow is null

###!!! [Child][RunMessage] Error: Channel closing: too late to send/recv, messages will be lost

1614259635478	geckodriver	INFO	Listening on 127.0.0.1:21910
1614259649551	mozrunner::runner	INFO	Running command: "C:\\Program Files\\Mozilla Firefox\\firefox.exe" "--marionette" "-foreground" "-no-remote" "-profile" "C:\\Users\\andru\\AppData\\Local\\Temp\\rust_mozprofileowpHcB"
1614259650768	Marionette	INFO	Listening on port 60231
1614259651107	Marionette	WARN	TLS certificate errors will be ignored for this session
1614259651117	Marionette	ERROR	[16] No reply from Marionette:Register
фев 25, 2021 4:27:31 PM org.openqa.selenium.remote.ProtocolHandshake createSession
INFO: Detected dialect: W3C
JavaScript error: https://bat.bing.com/bat.js, line 1: uncaught exception: ecomm_pagetype value must be one of the allowed values
]]></system-err>
  </testcase>
  <testcase name="addTwoSimilarItems" classname="com.epam.ta.test.ItemTest" time="16.113">
    <failure message="Expected condition failed: waiting for presence of element located by: By.xpath: //button[@class=&apos;button button--ghost&apos;] (tried for 10 second(s) with 500 milliseconds interval)" type="org.openqa.selenium.TimeoutException">org.openqa.selenium.TimeoutException: Expected condition failed: waiting for presence of element located by: By.xpath: //button[@class='button button--ghost'] (tried for 10 second(s) with 500 milliseconds interval)
	at com.epam.ta.test.ItemTest.addTwoSimilarItems(ItemTest.java:69)
Caused by: org.openqa.selenium.NoSuchElementException: 
Unable to locate element: //button[@class='button button--ghost']
For documentation on this error, please visit: http://seleniumhq.org/exceptions/no_such_element.html
Build info: version: '3.141.0', revision: '2ecb7d9a', time: '2018-10-31T20:09:30'
System info: host: 'DESKTOP-QD9JFMA', ip: '192.168.56.1', os.name: 'Windows 10', os.arch: 'amd64', os.version: '10.0', java.version: '1.8.0_271'
Driver info: org.openqa.selenium.firefox.FirefoxDriver
Capabilities {acceptInsecureCerts: true, browserName: firefox, browserVersion: 85.0.2, javascriptEnabled: true, moz:accessibilityChecks: false, moz:buildID: 20210208133944, moz:geckodriverVersion: 0.29.0, moz:headless: false, moz:processID: 12452, moz:profile: C:\Users\andru\AppData\Loca..., moz:shutdownTimeout: 60000, moz:useNonSpecCompliantPointerOrigin: false, moz:webdriverClick: true, pageLoadStrategy: normal, platform: WINDOWS, platformName: WINDOWS, platformVersion: 10.0, rotatable: false, setWindowRect: true, strictFileInteractability: false, timeouts: {implicit: 0, pageLoad: 300000, script: 30000}, unhandledPromptBehavior: dismiss and notify}
Session ID: 2f63b706-5237-48cc-b2c3-3b129e33b99b
*** Element info: {Using=xpath, value=//button[@class='button button--ghost']}
	at com.epam.ta.test.ItemTest.addTwoSimilarItems(ItemTest.java:69)
</failure>
    <system-err><![CDATA[1614259665623	Marionette	INFO	Stopped listening on port 60231

###!!! [Child][RunMessage] Error: Channel closing: too late to send/recv, messages will be lost

1614259667962	geckodriver	INFO	Listening on 127.0.0.1:9872
1614259682232	mozrunner::runner	INFO	Running command: "C:\\Program Files\\Mozilla Firefox\\firefox.exe" "--marionette" "-foreground" "-no-remote" "-profile" "C:\\Users\\andru\\AppData\\Local\\Temp\\rust_mozprofile208Vcx"
1614259683534	Marionette	INFO	Listening on port 60394
1614259683772	Marionette	WARN	TLS certificate errors will be ignored for this session
1614259683783	Marionette	ERROR	[16] No reply from Marionette:Register
фев 25, 2021 4:28:03 PM org.openqa.selenium.remote.ProtocolHandshake createSession
INFO: Detected dialect: W3C
JavaScript error: https://bat.bing.com/bat.js, line 1: uncaught exception: ecomm_pagetype value must be one of the allowed values
JavaScript error: https://bat.bing.com/bat.js, line 1: uncaught exception: ecomm_pagetype value must be one of the allowed values
]]></system-err>
  </testcase>
  <testcase name="changeItemQuantity" classname="com.epam.ta.test.ItemTest" time="15.064">
    <failure message="Expected condition failed: waiting for presence of element located by: By.xpath: //button[@class=&apos;button button--ghost&apos;] (tried for 10 second(s) with 500 milliseconds interval)" type="org.openqa.selenium.TimeoutException">org.openqa.selenium.TimeoutException: Expected condition failed: waiting for presence of element located by: By.xpath: //button[@class='button button--ghost'] (tried for 10 second(s) with 500 milliseconds interval)
	at com.epam.ta.test.ItemTest.changeItemQuantity(ItemTest.java:102)
Caused by: org.openqa.selenium.NoSuchElementException: 
Unable to locate element: //button[@class='button button--ghost']
For documentation on this error, please visit: http://seleniumhq.org/exceptions/no_such_element.html
Build info: version: '3.141.0', revision: '2ecb7d9a', time: '2018-10-31T20:09:30'
System info: host: 'DESKTOP-QD9JFMA', ip: '192.168.56.1', os.name: 'Windows 10', os.arch: 'amd64', os.version: '10.0', java.version: '1.8.0_271'
Driver info: org.openqa.selenium.firefox.FirefoxDriver
Capabilities {acceptInsecureCerts: true, browserName: firefox, browserVersion: 85.0.2, javascriptEnabled: true, moz:accessibilityChecks: false, moz:buildID: 20210208133944, moz:geckodriverVersion: 0.29.0, moz:headless: false, moz:processID: 15340, moz:profile: C:\Users\andru\AppData\Loca..., moz:shutdownTimeout: 60000, moz:useNonSpecCompliantPointerOrigin: false, moz:webdriverClick: true, pageLoadStrategy: normal, platform: WINDOWS, platformName: WINDOWS, platformVersion: 10.0, rotatable: false, setWindowRect: true, strictFileInteractability: false, timeouts: {implicit: 0, pageLoad: 300000, script: 30000}, unhandledPromptBehavior: dismiss and notify}
Session ID: 3403b996-4921-4ac1-97c8-474860f9e284
*** Element info: {Using=xpath, value=//button[@class='button button--ghost']}
	at com.epam.ta.test.ItemTest.changeItemQuantity(ItemTest.java:102)
</failure>
    <system-err><![CDATA[1614259699949	Marionette	INFO	Stopped listening on port 60394

###!!! [Child][RunMessage] Error: Channel closing: too late to send/recv, messages will be lost

1614259702410	geckodriver	INFO	Listening on 127.0.0.1:27753
1614259717070	mozrunner::runner	INFO	Running command: "C:\\Program Files\\Mozilla Firefox\\firefox.exe" "--marionette" "-foreground" "-no-remote" "-profile" "C:\\Users\\andru\\AppData\\Local\\Temp\\rust_mozprofileb1jVGf"
1614259718279	Marionette	INFO	Listening on port 60560
1614259718615	Marionette	WARN	TLS certificate errors will be ignored for this session
1614259718626	Marionette	ERROR	[16] No reply from Marionette:Register
фев 25, 2021 4:28:38 PM org.openqa.selenium.remote.ProtocolHandshake createSession
INFO: Detected dialect: W3C
JavaScript error: https://bat.bing.com/bat.js, line 1: uncaught exception: ecomm_pagetype value must be one of the allowed values
]]></system-err>
  </testcase>
  <testcase name="deleteAddedProduct" classname="com.epam.ta.test.ItemTest" time="14.784">
    <failure message="Expected condition failed: waiting for presence of element located by: By.xpath: //button[@class=&apos;button button--ghost&apos;] (tried for 10 second(s) with 500 milliseconds interval)" type="org.openqa.selenium.TimeoutException">org.openqa.selenium.TimeoutException: Expected condition failed: waiting for presence of element located by: By.xpath: //button[@class='button button--ghost'] (tried for 10 second(s) with 500 milliseconds interval)
	at com.epam.ta.test.ItemTest.deleteAddedProduct(ItemTest.java:86)
Caused by: org.openqa.selenium.NoSuchElementException: 
Unable to locate element: //button[@class='button button--ghost']
For documentation on this error, please visit: http://seleniumhq.org/exceptions/no_such_element.html
Build info: version: '3.141.0', revision: '2ecb7d9a', time: '2018-10-31T20:09:30'
System info: host: 'DESKTOP-QD9JFMA', ip: '192.168.56.1', os.name: 'Windows 10', os.arch: 'amd64', os.version: '10.0', java.version: '1.8.0_271'
Driver info: org.openqa.selenium.firefox.FirefoxDriver
Capabilities {acceptInsecureCerts: true, browserName: firefox, browserVersion: 85.0.2, javascriptEnabled: true, moz:accessibilityChecks: false, moz:buildID: 20210208133944, moz:geckodriverVersion: 0.29.0, moz:headless: false, moz:processID: 15364, moz:profile: C:\Users\andru\AppData\Loca..., moz:shutdownTimeout: 60000, moz:useNonSpecCompliantPointerOrigin: false, moz:webdriverClick: true, pageLoadStrategy: normal, platform: WINDOWS, platformName: WINDOWS, platformVersion: 10.0, rotatable: false, setWindowRect: true, strictFileInteractability: false, timeouts: {implicit: 0, pageLoad: 300000, script: 30000}, unhandledPromptBehavior: dismiss and notify}
Session ID: 58661fa5-438d-40ee-bcb1-8da2b4d63175
*** Element info: {Using=xpath, value=//button[@class='button button--ghost']}
	at com.epam.ta.test.ItemTest.deleteAddedProduct(ItemTest.java:86)
</failure>
    <system-err><![CDATA[1614259733736	Marionette	INFO	Stopped listening on port 60560

###!!! [Child][RunMessage] Error: Channel closing: too late to send/recv, messages will be lost

1614259736408	geckodriver	INFO	Listening on 127.0.0.1:46558
1614259751013	mozrunner::runner	INFO	Running command: "C:\\Program Files\\Mozilla Firefox\\firefox.exe" "--marionette" "-foreground" "-no-remote" "-profile" "C:\\Users\\andru\\AppData\\Local\\Temp\\rust_mozprofileX2y0GM"
1614259752337	Marionette	INFO	Listening on port 60737
1614259752542	Marionette	WARN	TLS certificate errors will be ignored for this session
1614259752552	Marionette	ERROR	[16] No reply from Marionette:Register
фев 25, 2021 4:29:12 PM org.openqa.selenium.remote.ProtocolHandshake createSession
INFO: Detected dialect: W3C
JavaScript error: https://bat.bing.com/bat.js, line 1: uncaught exception: ecomm_pagetype value must be one of the allowed values
]]></system-err>
  </testcase>
</testsuite>